<?xml version="1.0" encoding="UTF-8"?>
<testsuite xmlns:xsi="http://www.w3.org/2001/XMLSchema-instance" xsi:noNamespaceSchemaLocation="https://maven.apache.org/surefire/maven-surefire-plugin/xsd/surefire-test-report.xsd" name="Runner.WebOrderRegressionRunner" time="32.426" tests="10" errors="0" skipped="0" failures="1">
  <properties>
    <property name="java.specification.version" value="13"/>
    <property name="sun.jnu.encoding" value="UTF-8"/>
    <property name="java.class.path" value="/Users/nurgazynazarmambetov/IdeaProjects/cucumberbatch4-master/target/test-classes:/Users/nurgazynazarmambetov/IdeaProjects/cucumberbatch4-master/target/classes:/Users/nurgazynazarmambetov/.m2/repository/org/seleniumhq/selenium/selenium-java/3.141.59/selenium-java-3.141.59.jar:/Users/nurgazynazarmambetov/.m2/repository/org/seleniumhq/selenium/selenium-api/3.141.59/selenium-api-3.141.59.jar:/Users/nurgazynazarmambetov/.m2/repository/org/seleniumhq/selenium/selenium-chrome-driver/3.141.59/selenium-chrome-driver-3.141.59.jar:/Users/nurgazynazarmambetov/.m2/repository/org/seleniumhq/selenium/selenium-edge-driver/3.141.59/selenium-edge-driver-3.141.59.jar:/Users/nurgazynazarmambetov/.m2/repository/org/seleniumhq/selenium/selenium-firefox-driver/3.141.59/selenium-firefox-driver-3.141.59.jar:/Users/nurgazynazarmambetov/.m2/repository/org/seleniumhq/selenium/selenium-ie-driver/3.141.59/selenium-ie-driver-3.141.59.jar:/Users/nurgazynazarmambetov/.m2/repository/org/seleniumhq/selenium/selenium-opera-driver/3.141.59/selenium-opera-driver-3.141.59.jar:/Users/nurgazynazarmambetov/.m2/repository/org/seleniumhq/selenium/selenium-remote-driver/3.141.59/selenium-remote-driver-3.141.59.jar:/Users/nurgazynazarmambetov/.m2/repository/org/seleniumhq/selenium/selenium-safari-driver/3.141.59/selenium-safari-driver-3.141.59.jar:/Users/nurgazynazarmambetov/.m2/repository/org/seleniumhq/selenium/selenium-support/3.141.59/selenium-support-3.141.59.jar:/Users/nurgazynazarmambetov/.m2/repository/net/bytebuddy/byte-buddy/1.8.15/byte-buddy-1.8.15.jar:/Users/nurgazynazarmambetov/.m2/repository/org/apache/commons/commons-exec/1.3/commons-exec-1.3.jar:/Users/nurgazynazarmambetov/.m2/repository/com/google/guava/guava/25.0-jre/guava-25.0-jre.jar:/Users/nurgazynazarmambetov/.m2/repository/com/google/code/findbugs/jsr305/1.3.9/jsr305-1.3.9.jar:/Users/nurgazynazarmambetov/.m2/repository/org/checkerframework/checker-compat-qual/2.0.0/checker-compat-qual-2.0.0.jar:/Users/nurgazynazarmambetov/.m2/repository/com/google/errorprone/error_prone_annotations/2.1.3/error_prone_annotations-2.1.3.jar:/Users/nurgazynazarmambetov/.m2/repository/com/google/j2objc/j2objc-annotations/1.1/j2objc-annotations-1.1.jar:/Users/nurgazynazarmambetov/.m2/repository/org/codehaus/mojo/animal-sniffer-annotations/1.14/animal-sniffer-annotations-1.14.jar:/Users/nurgazynazarmambetov/.m2/repository/com/squareup/okhttp3/okhttp/3.11.0/okhttp-3.11.0.jar:/Users/nurgazynazarmambetov/.m2/repository/com/squareup/okio/okio/1.14.0/okio-1.14.0.jar:/Users/nurgazynazarmambetov/.m2/repository/io/cucumber/cucumber-java/5.7.0/cucumber-java-5.7.0.jar:/Users/nurgazynazarmambetov/.m2/repository/io/cucumber/cucumber-core/5.7.0/cucumber-core-5.7.0.jar:/Users/nurgazynazarmambetov/.m2/repository/io/cucumber/cucumber-gherkin/5.7.0/cucumber-gherkin-5.7.0.jar:/Users/nurgazynazarmambetov/.m2/repository/io/cucumber/cucumber-gherkin-vintage/5.7.0/cucumber-gherkin-vintage-5.7.0.jar:/Users/nurgazynazarmambetov/.m2/repository/io/cucumber/tag-expressions/2.0.4/tag-expressions-2.0.4.jar:/Users/nurgazynazarmambetov/.m2/repository/io/cucumber/cucumber-expressions/8.3.1/cucumber-expressions-8.3.1.jar:/Users/nurgazynazarmambetov/.m2/repository/io/cucumber/datatable/3.3.1/datatable-3.3.1.jar:/Users/nurgazynazarmambetov/.m2/repository/io/cucumber/cucumber-plugin/5.7.0/cucumber-plugin-5.7.0.jar:/Users/nurgazynazarmambetov/.m2/repository/io/cucumber/docstring/5.7.0/docstring-5.7.0.jar:/Users/nurgazynazarmambetov/.m2/repository/org/apiguardian/apiguardian-api/1.1.0/apiguardian-api-1.1.0.jar:/Users/nurgazynazarmambetov/.m2/repository/io/cucumber/cucumber-junit/5.7.0/cucumber-junit-5.7.0.jar:/Users/nurgazynazarmambetov/.m2/repository/junit/junit/4.13/junit-4.13.jar:/Users/nurgazynazarmambetov/.m2/repository/org/hamcrest/hamcrest-core/1.3/hamcrest-core-1.3.jar:/Users/nurgazynazarmambetov/.m2/repository/io/github/bonigarcia/webdrivermanager/4.0.0/webdrivermanager-4.0.0.jar:/Users/nurgazynazarmambetov/.m2/repository/org/slf4j/slf4j-api/1.7.30/slf4j-api-1.7.30.jar:/Users/nurgazynazarmambetov/.m2/repository/commons-io/commons-io/2.6/commons-io-2.6.jar:/Users/nurgazynazarmambetov/.m2/repository/com/google/code/gson/gson/2.8.6/gson-2.8.6.jar:/Users/nurgazynazarmambetov/.m2/repository/org/apache/commons/commons-lang3/3.10/commons-lang3-3.10.jar:/Users/nurgazynazarmambetov/.m2/repository/org/apache/httpcomponents/client5/httpclient5/5.0/httpclient5-5.0.jar:/Users/nurgazynazarmambetov/.m2/repository/org/apache/httpcomponents/core5/httpcore5/5.0/httpcore5-5.0.jar:/Users/nurgazynazarmambetov/.m2/repository/org/apache/httpcomponents/core5/httpcore5-h2/5.0/httpcore5-h2-5.0.jar:/Users/nurgazynazarmambetov/.m2/repository/commons-codec/commons-codec/1.13/commons-codec-1.13.jar:/Users/nurgazynazarmambetov/.m2/repository/org/rauschig/jarchivelib/1.0.0/jarchivelib-1.0.0.jar:/Users/nurgazynazarmambetov/.m2/repository/org/apache/commons/commons-compress/1.18/commons-compress-1.18.jar:/Users/nurgazynazarmambetov/.m2/repository/org/jsoup/jsoup/1.13.1/jsoup-1.13.1.jar:"/>
    <property name="java.vm.vendor" value="Oracle Corporation"/>
    <property name="sun.arch.data.model" value="64"/>
    <property name="java.vendor.url" value="https://openjdk.java.net/"/>
    <property name="os.name" value="Mac OS X"/>
    <property name="java.vm.specification.version" value="13"/>
    <property name="sun.java.launcher" value="SUN_STANDARD"/>
    <property name="user.country" value="US"/>
    <property name="sun.boot.library.path" value="/usr/local/Cellar/openjdk/13.0.2+8_2/libexec/openjdk.jdk/Contents/Home/lib"/>
    <property name="sun.java.command" value="/Users/nurgazynazarmambetov/IdeaProjects/cucumberbatch4-master/target/surefire/surefirebooter5734066818810194087.jar /Users/nurgazynazarmambetov/IdeaProjects/cucumberbatch4-master/target/surefire 2020-06-17T10-35-43_420-jvmRun1 surefire12435936024578596576tmp surefire_010136013769618309145tmp"/>
    <property name="http.nonProxyHosts" value="local|*.local|169.254/16|*.169.254/16"/>
    <property name="jdk.debug" value="release"/>
    <property name="surefire.test.class.path" value="/Users/nurgazynazarmambetov/IdeaProjects/cucumberbatch4-master/target/test-classes:/Users/nurgazynazarmambetov/IdeaProjects/cucumberbatch4-master/target/classes:/Users/nurgazynazarmambetov/.m2/repository/org/seleniumhq/selenium/selenium-java/3.141.59/selenium-java-3.141.59.jar:/Users/nurgazynazarmambetov/.m2/repository/org/seleniumhq/selenium/selenium-api/3.141.59/selenium-api-3.141.59.jar:/Users/nurgazynazarmambetov/.m2/repository/org/seleniumhq/selenium/selenium-chrome-driver/3.141.59/selenium-chrome-driver-3.141.59.jar:/Users/nurgazynazarmambetov/.m2/repository/org/seleniumhq/selenium/selenium-edge-driver/3.141.59/selenium-edge-driver-3.141.59.jar:/Users/nurgazynazarmambetov/.m2/repository/org/seleniumhq/selenium/selenium-firefox-driver/3.141.59/selenium-firefox-driver-3.141.59.jar:/Users/nurgazynazarmambetov/.m2/repository/org/seleniumhq/selenium/selenium-ie-driver/3.141.59/selenium-ie-driver-3.141.59.jar:/Users/nurgazynazarmambetov/.m2/repository/org/seleniumhq/selenium/selenium-opera-driver/3.141.59/selenium-opera-driver-3.141.59.jar:/Users/nurgazynazarmambetov/.m2/repository/org/seleniumhq/selenium/selenium-remote-driver/3.141.59/selenium-remote-driver-3.141.59.jar:/Users/nurgazynazarmambetov/.m2/repository/org/seleniumhq/selenium/selenium-safari-driver/3.141.59/selenium-safari-driver-3.141.59.jar:/Users/nurgazynazarmambetov/.m2/repository/org/seleniumhq/selenium/selenium-support/3.141.59/selenium-support-3.141.59.jar:/Users/nurgazynazarmambetov/.m2/repository/net/bytebuddy/byte-buddy/1.8.15/byte-buddy-1.8.15.jar:/Users/nurgazynazarmambetov/.m2/repository/org/apache/commons/commons-exec/1.3/commons-exec-1.3.jar:/Users/nurgazynazarmambetov/.m2/repository/com/google/guava/guava/25.0-jre/guava-25.0-jre.jar:/Users/nurgazynazarmambetov/.m2/repository/com/google/code/findbugs/jsr305/1.3.9/jsr305-1.3.9.jar:/Users/nurgazynazarmambetov/.m2/repository/org/checkerframework/checker-compat-qual/2.0.0/checker-compat-qual-2.0.0.jar:/Users/nurgazynazarmambetov/.m2/repository/com/google/errorprone/error_prone_annotations/2.1.3/error_prone_annotations-2.1.3.jar:/Users/nurgazynazarmambetov/.m2/repository/com/google/j2objc/j2objc-annotations/1.1/j2objc-annotations-1.1.jar:/Users/nurgazynazarmambetov/.m2/repository/org/codehaus/mojo/animal-sniffer-annotations/1.14/animal-sniffer-annotations-1.14.jar:/Users/nurgazynazarmambetov/.m2/repository/com/squareup/okhttp3/okhttp/3.11.0/okhttp-3.11.0.jar:/Users/nurgazynazarmambetov/.m2/repository/com/squareup/okio/okio/1.14.0/okio-1.14.0.jar:/Users/nurgazynazarmambetov/.m2/repository/io/cucumber/cucumber-java/5.7.0/cucumber-java-5.7.0.jar:/Users/nurgazynazarmambetov/.m2/repository/io/cucumber/cucumber-core/5.7.0/cucumber-core-5.7.0.jar:/Users/nurgazynazarmambetov/.m2/repository/io/cucumber/cucumber-gherkin/5.7.0/cucumber-gherkin-5.7.0.jar:/Users/nurgazynazarmambetov/.m2/repository/io/cucumber/cucumber-gherkin-vintage/5.7.0/cucumber-gherkin-vintage-5.7.0.jar:/Users/nurgazynazarmambetov/.m2/repository/io/cucumber/tag-expressions/2.0.4/tag-expressions-2.0.4.jar:/Users/nurgazynazarmambetov/.m2/repository/io/cucumber/cucumber-expressions/8.3.1/cucumber-expressions-8.3.1.jar:/Users/nurgazynazarmambetov/.m2/repository/io/cucumber/datatable/3.3.1/datatable-3.3.1.jar:/Users/nurgazynazarmambetov/.m2/repository/io/cucumber/cucumber-plugin/5.7.0/cucumber-plugin-5.7.0.jar:/Users/nurgazynazarmambetov/.m2/repository/io/cucumber/docstring/5.7.0/docstring-5.7.0.jar:/Users/nurgazynazarmambetov/.m2/repository/org/apiguardian/apiguardian-api/1.1.0/apiguardian-api-1.1.0.jar:/Users/nurgazynazarmambetov/.m2/repository/io/cucumber/cucumber-junit/5.7.0/cucumber-junit-5.7.0.jar:/Users/nurgazynazarmambetov/.m2/repository/junit/junit/4.13/junit-4.13.jar:/Users/nurgazynazarmambetov/.m2/repository/org/hamcrest/hamcrest-core/1.3/hamcrest-core-1.3.jar:/Users/nurgazynazarmambetov/.m2/repository/io/github/bonigarcia/webdrivermanager/4.0.0/webdrivermanager-4.0.0.jar:/Users/nurgazynazarmambetov/.m2/repository/org/slf4j/slf4j-api/1.7.30/slf4j-api-1.7.30.jar:/Users/nurgazynazarmambetov/.m2/repository/commons-io/commons-io/2.6/commons-io-2.6.jar:/Users/nurgazynazarmambetov/.m2/repository/com/google/code/gson/gson/2.8.6/gson-2.8.6.jar:/Users/nurgazynazarmambetov/.m2/repository/org/apache/commons/commons-lang3/3.10/commons-lang3-3.10.jar:/Users/nurgazynazarmambetov/.m2/repository/org/apache/httpcomponents/client5/httpclient5/5.0/httpclient5-5.0.jar:/Users/nurgazynazarmambetov/.m2/repository/org/apache/httpcomponents/core5/httpcore5/5.0/httpcore5-5.0.jar:/Users/nurgazynazarmambetov/.m2/repository/org/apache/httpcomponents/core5/httpcore5-h2/5.0/httpcore5-h2-5.0.jar:/Users/nurgazynazarmambetov/.m2/repository/commons-codec/commons-codec/1.13/commons-codec-1.13.jar:/Users/nurgazynazarmambetov/.m2/repository/org/rauschig/jarchivelib/1.0.0/jarchivelib-1.0.0.jar:/Users/nurgazynazarmambetov/.m2/repository/org/apache/commons/commons-compress/1.18/commons-compress-1.18.jar:/Users/nurgazynazarmambetov/.m2/repository/org/jsoup/jsoup/1.13.1/jsoup-1.13.1.jar:"/>
    <property name="sun.cpu.endian" value="little"/>
    <property name="user.home" value="/Users/nurgazynazarmambetov"/>
    <property name="user.language" value="en"/>
    <property name="java.specification.vendor" value="Oracle Corporation"/>
    <property name="java.version.date" value="2020-01-14"/>
    <property name="java.home" value="/usr/local/Cellar/openjdk/13.0.2+8_2/libexec/openjdk.jdk/Contents/Home"/>
    <property name="file.separator" value="/"/>
    <property name="basedir" value="/Users/nurgazynazarmambetov/IdeaProjects/cucumberbatch4-master"/>
    <property name="java.vm.compressedOopsMode" value="Zero based"/>
    <property name="line.separator" value="&#10;"/>
    <property name="java.specification.name" value="Java Platform API Specification"/>
    <property name="java.vm.specification.vendor" value="Oracle Corporation"/>
    <property name="surefire.real.class.path" value="/Users/nurgazynazarmambetov/IdeaProjects/cucumberbatch4-master/target/surefire/surefirebooter5734066818810194087.jar"/>
    <property name="sun.management.compiler" value="HotSpot 64-Bit Tiered Compilers"/>
    <property name="ftp.nonProxyHosts" value="local|*.local|169.254/16|*.169.254/16"/>
    <property name="java.runtime.version" value="13.0.2+8"/>
    <property name="user.name" value="nurgazynazarmambetov"/>
    <property name="path.separator" value=":"/>
    <property name="os.version" value="10.14.6"/>
    <property name="java.runtime.name" value="OpenJDK Runtime Environment"/>
    <property name="file.encoding" value="UTF-8"/>
    <property name="java.vm.name" value="OpenJDK 64-Bit Server VM"/>
    <property name="localRepository" value="/Users/nurgazynazarmambetov/.m2/repository"/>
    <property name="java.vendor.url.bug" value="https://bugreport.java.com/bugreport/"/>
    <property name="java.io.tmpdir" value="/var/folders/wb/t73qv5854ys_v5p3w3rv6bn40000gn/T/"/>
    <property name="java.version" value="13.0.2"/>
    <property name="user.dir" value="/Users/nurgazynazarmambetov/IdeaProjects/cucumberbatch4-master"/>
    <property name="os.arch" value="x86_64"/>
    <property name="java.vm.specification.name" value="Java Virtual Machine Specification"/>
    <property name="java.library.path" value="/Users/nurgazynazarmambetov/Library/Java/Extensions:/Library/Java/Extensions:/Network/Library/Java/Extensions:/System/Library/Java/Extensions:/usr/lib/java:."/>
    <property name="java.vm.info" value="mixed mode, sharing"/>
    <property name="java.vendor" value="N/A"/>
    <property name="java.vm.version" value="13.0.2+8"/>
    <property name="sun.io.unicode.encoding" value="UnicodeBig"/>
    <property name="socksNonProxyHosts" value="local|*.local|169.254/16|*.169.254/16"/>
    <property name="java.class.version" value="57.0"/>
  </properties>
  <testcase name="Login Page Positive Test" classname="WebOrder Login page Test" time="7.564"/>
  <testcase name="Login Functionality Negative Test" classname="WebOrder Login page Test" time="0.993"/>
  <testcase name="Login Functionality Negative Test 1" classname="WebOrder Login page Test" time="1.053"/>
  <testcase name="Login Functionality Negative Test 2" classname="WebOrder Login page Test" time="1.684">
    <failure message="Error Message Validation expected:&lt;...id Login or Password[]&gt; but was:&lt;...id Login or Password[.]&gt;" type="org.junit.ComparisonFailure"><![CDATA[org.junit.ComparisonFailure: Error Message Validation expected:<...id Login or Password[]> but was:<...id Login or Password[.]>
]]></failure>
    <system-out><![CDATA[This one will run before each scenario
Login Functionality Negative Test 2
Login Page Step Class
Before Step Annotation
After Step Annotation
Before Step Annotation
After Step Annotation
Before Step Annotation
After Step Annotation
This one will run after each scenario
failed
]]></system-out>
  </testcase>
  <testcase name="Validate new order in WebOrder page" classname="New order validation" time="4.191"/>
  <testcase name="Validation of new order headers" classname="Validation of headers" time="1.885"/>
  <testcase name="New Order Validation" classname="Validation of New order using Scenario Outline" time="4.597"/>
  <testcase name="New Order Validation" classname="Validation of New order using Scenario Outline" time="4.3"/>
  <testcase name="New Order Validation" classname="Validation of New order using Scenario Outline" time="3.873"/>
  <testcase name="Validation of All products" classname="All Products" time="1.365"/>
</testsuite>